2011-06-17 14:32:41,282 INFO  [jeeves.engine] - === Starting system ========================================
2011-06-17 14:32:41,283 INFO  [jeeves.engine] - Java version : 19.0-b09
2011-06-17 14:32:41,283 INFO  [jeeves.engine] - Java vendor  : Sun Microsystems Inc.
2011-06-17 14:32:41,407 INFO  [jeeves.engine] - Path    : /home/vagrant/tomcat/webapps/geonetwork/
2011-06-17 14:32:41,407 INFO  [jeeves.engine] - BaseURL : /geonetwork
2011-06-17 14:32:41,407 INFO  [jeeves.engine] - Loading : /home/vagrant/tomcat/webapps/geonetwork/WEB-INF/config.xml
2011-06-17 14:32:41,928 INFO  [jeeves.engine] - Initializing general configuration...
2011-06-17 14:32:41,960 INFO  [jeeves.engine] - Initializing defaults...
2011-06-17 14:32:41,960 INFO  [jeeves.engine] -    Default local is :true
2011-06-17 14:32:41,985 INFO  [jeeves.engine] - Initializing resources...
2011-06-17 14:32:41,985 INFO  [jeeves.engine] -    Adding resource : main-db
2011-06-17 14:32:41,985 INFO  [jeeves.engine] -       Loading activator  : org.fao.geonet.activators.McKoiActivator
2011-06-17 14:32:41,989 INFO  [jeeves.engine] -       Starting activator : org.fao.geonet.activators.McKoiActivator
2011-06-17 14:32:44,261 INFO  [jeeves.engine] - Initializing services...
2011-06-17 14:32:44,261 INFO  [jeeves.engine] -    Adding service : main.home
2011-06-17 14:32:44,287 INFO  [jeeves.engine] -    Adding service : main.search
2011-06-17 14:32:44,293 INFO  [jeeves.engine] -    Adding service : main.search.embedded
2011-06-17 14:32:44,294 INFO  [jeeves.engine] -    Adding service : main.search.suggest
2011-06-17 14:32:44,295 INFO  [jeeves.engine] -    Adding service : main.present.embedded
2011-06-17 14:32:44,303 INFO  [jeeves.engine] -    Adding service : main.searchform.advanced.embedded
2011-06-17 14:32:44,303 INFO  [jeeves.engine] -    Adding service : main.searchform.simple.embedded
2011-06-17 14:32:44,303 INFO  [jeeves.engine] -    Adding service : rating.popup
2011-06-17 14:32:44,303 INFO  [jeeves.engine] -    Adding service : main.present
2011-06-17 14:32:44,304 INFO  [jeeves.engine] -    Adding service : remote.show
2011-06-17 14:32:44,312 INFO  [jeeves.engine] -    Adding service : feedback
2011-06-17 14:32:44,312 INFO  [jeeves.engine] -    Adding service : links
2011-06-17 14:32:44,312 INFO  [jeeves.engine] -    Adding service : about
2011-06-17 14:32:44,313 INFO  [jeeves.engine] -    Adding service : xml.region.get
2011-06-17 14:32:44,313 INFO  [jeeves.engine] -    Adding service : selection.search
2011-06-17 14:32:44,315 INFO  [jeeves.engine] -    Adding service : feedback.insert
2011-06-17 14:32:44,316 INFO  [jeeves.engine] -    Adding service : util.ping
2011-06-17 14:32:44,316 INFO  [jeeves.engine] -    Adding service : util.import
2011-06-17 14:32:44,326 INFO  [jeeves.engine] -    Adding service : user.list
2011-06-17 14:32:44,327 INFO  [jeeves.engine] -    Adding service : user.get
2011-06-17 14:32:44,335 INFO  [jeeves.engine] -    Adding service : user.edit
2011-06-17 14:32:44,335 INFO  [jeeves.engine] -    Adding service : user.resetpw
2011-06-17 14:32:44,336 INFO  [jeeves.engine] -    Adding service : user.update
2011-06-17 14:32:44,337 INFO  [jeeves.engine] -    Adding service : user.remove
2011-06-17 14:32:44,338 INFO  [jeeves.engine] -    Adding service : user.pwedit
2011-06-17 14:32:44,338 INFO  [jeeves.engine] -    Adding service : user.pwupdate
2011-06-17 14:32:44,344 INFO  [jeeves.engine] -    Adding service : user.infoedit
2011-06-17 14:32:44,344 INFO  [jeeves.engine] -    Adding service : user.infoupdate
2011-06-17 14:32:44,345 INFO  [jeeves.engine] -    Adding service : user.register.get
2011-06-17 14:32:44,346 INFO  [jeeves.engine] -    Adding service : user.register.submit
2011-06-17 14:32:44,372 INFO  [jeeves.engine] -    Adding service : group.list
2011-06-17 14:32:44,372 INFO  [jeeves.engine] -    Adding service : group.get
2011-06-17 14:32:44,372 INFO  [jeeves.engine] -    Adding service : group.update
2011-06-17 14:32:44,372 INFO  [jeeves.engine] -    Adding service : group.remove
2011-06-17 14:32:44,372 INFO  [jeeves.engine] -    Adding service : xml.group.update
2011-06-17 14:32:44,372 INFO  [jeeves.engine] -    Adding service : category.list
2011-06-17 14:32:44,372 INFO  [jeeves.engine] -    Adding service : category.get
2011-06-17 14:32:44,372 INFO  [jeeves.engine] -    Adding service : category.update
2011-06-17 14:32:44,373 INFO  [jeeves.engine] -    Adding service : category.remove
2011-06-17 14:32:44,374 INFO  [jeeves.engine] -    Adding service : xml.category.update
2011-06-17 14:32:44,375 INFO  [jeeves.engine] -    Adding service : notifications.list
2011-06-17 14:32:44,376 INFO  [jeeves.engine] -    Adding service : notifications.save
2011-06-17 14:32:44,379 INFO  [jeeves.engine] -    Adding service : user.login
2011-06-17 14:32:44,381 INFO  [jeeves.engine] -    Adding service : shib.user.login
2011-06-17 14:32:44,383 INFO  [jeeves.engine] -    Adding service : user.logout
2011-06-17 14:32:44,383 INFO  [jeeves.engine] -    Adding service : admin
2011-06-17 14:32:44,383 INFO  [jeeves.engine] -    Adding service : config
2011-06-17 14:32:44,384 INFO  [jeeves.engine] -    Adding service : xml.config.get
2011-06-17 14:32:44,384 INFO  [jeeves.engine] -    Adding service : xml.config.set
2011-06-17 14:32:44,389 INFO  [jeeves.engine] -    Adding service : xml.config.doActions
2011-06-17 14:32:44,390 INFO  [jeeves.engine] -    Adding service : localization
2011-06-17 14:32:44,391 INFO  [jeeves.engine] -    Adding service : xml.operation.update
2011-06-17 14:32:44,391 INFO  [jeeves.engine] -    Adding service : xml.region.update
2011-06-17 14:32:44,397 INFO  [jeeves.engine] -    Adding service : help
2011-06-17 14:32:44,397 INFO  [jeeves.engine] -    Adding service : xml.schema.info
2011-06-17 14:32:44,398 INFO  [jeeves.engine] -    Adding service : file.disclaimer
2011-06-17 14:32:44,406 INFO  [jeeves.engine] -    Adding service : xml.file.disclaimer
2011-06-17 14:32:44,406 INFO  [jeeves.engine] -    Adding service : file.download
2011-06-17 14:32:44,406 INFO  [jeeves.engine] -    Adding service : xml.file.download
2011-06-17 14:32:44,406 INFO  [jeeves.engine] -    Adding service : prepare.file.download
2011-06-17 14:32:44,408 INFO  [jeeves.engine] -    Adding service : graphover.show
2011-06-17 14:32:44,408 INFO  [jeeves.engine] -    Adding service : resources.get.archive
2011-06-17 14:32:44,420 INFO  [jeeves.engine] -    Adding service : resources.get
2011-06-17 14:32:44,420 INFO  [jeeves.engine] -    Adding service : resources.upload
2011-06-17 14:32:44,421 INFO  [jeeves.engine] -    Adding service : resources.prepare.upload
2011-06-17 14:32:44,422 INFO  [jeeves.engine] -    Adding service : resources.del
2011-06-17 14:32:44,428 INFO  [jeeves.engine] -    Adding service : xml.user.login
2011-06-17 14:32:44,428 INFO  [jeeves.engine] -    Adding service : xml.user.logout
2011-06-17 14:32:44,428 INFO  [jeeves.engine] -    Adding service : xml.search
2011-06-17 14:32:44,430 INFO  [jeeves.engine] -    Adding service : xml.metadata.get
2011-06-17 14:32:44,433 INFO  [jeeves.engine] -    Adding service : xml.info
2011-06-17 14:32:44,433 INFO  [jeeves.engine] -    Adding service : xml.forward
2011-06-17 14:32:44,434 INFO  [jeeves.engine] -    Adding service : xml.user.list
2011-06-17 14:32:44,434 INFO  [jeeves.engine] -    Adding service : xml.usergroups.list
2011-06-17 14:32:44,440 INFO  [jeeves.engine] -    Adding service : xml.group.list
2011-06-17 14:32:44,440 INFO  [jeeves.engine] -    Adding service : xml.metadata.insert
2011-06-17 14:32:44,444 INFO  [jeeves.engine] -    Adding service : xml.metadata.delete
2011-06-17 14:32:44,446 INFO  [jeeves.engine] -    Adding service : csw
2011-06-17 14:32:44,446 INFO  [jeeves.engine] -    Adding service : csw.config.get
2011-06-17 14:32:44,447 INFO  [jeeves.engine] -    Adding service : csw.config.set
2011-06-17 14:32:44,449 INFO  [jeeves.engine] -    Adding service : oaipmh
2011-06-17 14:32:44,454 INFO  [jeeves.engine] -    Adding service : rss.latest
2011-06-17 14:32:44,454 INFO  [jeeves.engine] -    Adding service : rss.search
2011-06-17 14:32:44,454 INFO  [jeeves.engine] -    Adding service : rss.present
2011-06-17 14:32:44,454 INFO  [jeeves.engine] -    Adding service : google.kml
2011-06-17 14:32:44,455 INFO  [jeeves.engine] -    Adding service : mef.import
2011-06-17 14:32:44,456 INFO  [jeeves.engine] -    Adding service : mef.export
2011-06-17 14:32:44,458 INFO  [jeeves.engine] -    Adding service : csv.search
2011-06-17 14:32:44,458 INFO  [jeeves.engine] -    Adding service : csv.present
2011-06-17 14:32:44,458 INFO  [jeeves.engine] -    Adding service : index.languages.get
2011-06-17 14:32:44,460 INFO  [jeeves.engine] -    Adding service : index.languages.set
2011-06-17 14:32:44,474 INFO  [jeeves.engine] -    Adding service : xml.relation.get
2011-06-17 14:32:44,485 INFO  [jeeves.engine] -    Adding service : xml.relation.insert
2011-06-17 14:32:44,501 INFO  [jeeves.engine] -    Adding service : xml.relation.delete
2011-06-17 14:32:44,504 INFO  [jeeves.engine] -    Adding service : keywords.getselected
2011-06-17 14:32:44,509 INFO  [jeeves.engine] -    Adding service : keywords.sort
2011-06-17 14:32:44,510 INFO  [jeeves.engine] -    Adding service : keywords.select
2011-06-17 14:32:44,511 INFO  [jeeves.engine] -    Adding service : keywords.search
2011-06-17 14:32:44,512 INFO  [jeeves.engine] -    Adding service : xml.search.keywords
2011-06-17 14:32:44,513 INFO  [jeeves.engine] -    Adding service : xml.search.keywordlink
2011-06-17 14:32:44,514 INFO  [jeeves.engine] -    Adding service : xml.keyword.get
2011-06-17 14:32:44,522 INFO  [jeeves.engine] -    Adding service : keywords.editsearch
2011-06-17 14:32:44,536 INFO  [jeeves.engine] -    Adding service : thesaurus.admin
2011-06-17 14:32:44,537 INFO  [jeeves.engine] -    Adding service : thesaurus.upload
2011-06-17 14:32:44,539 INFO  [jeeves.engine] -    Adding service : thesaurus.download
2011-06-17 14:32:44,540 INFO  [jeeves.engine] -    Adding service : thesaurus.delete
2011-06-17 14:32:44,541 INFO  [jeeves.engine] -    Adding service : thesaurus.view
2011-06-17 14:32:44,541 INFO  [jeeves.engine] -    Adding service : thesaurus.add
2011-06-17 14:32:44,542 INFO  [jeeves.engine] -    Adding service : thesaurus.edit
2011-06-17 14:32:44,542 INFO  [jeeves.engine] -    Adding service : thesaurus.update
2011-06-17 14:32:44,542 INFO  [jeeves.engine] -    Adding service : thesaurus.editelement
2011-06-17 14:32:44,552 INFO  [jeeves.engine] -    Adding service : thesaurus.addelement
2011-06-17 14:32:44,556 INFO  [jeeves.engine] -    Adding service : thesaurus.updateelement
2011-06-17 14:32:44,558 INFO  [jeeves.engine] -    Adding service : thesaurus.deleteelement
2011-06-17 14:32:44,559 INFO  [jeeves.engine] -    Adding service : xml.thesaurus.getList
2011-06-17 14:32:44,561 INFO  [jeeves.engine] -    Adding service : crs.search
2011-06-17 14:32:44,565 INFO  [jeeves.engine] -    Adding service : crs.types
2011-06-17 14:32:44,565 INFO  [jeeves.engine] -    Adding service : crs.get
2011-06-17 14:32:44,565 INFO  [jeeves.engine] - Initializing schedules...
2011-06-17 14:32:44,565 INFO  [jeeves.engine] - Loading : /home/vagrant/tomcat/webapps/geonetwork/WEB-INF/config-metadata.xml
2011-06-17 14:32:44,584 INFO  [jeeves.engine] - Initializing services...
2011-06-17 14:32:44,585 INFO  [jeeves.engine] -    Adding service : metadata.insert.paste
2011-06-17 14:32:44,585 INFO  [jeeves.engine] -    Adding service : metadata.insert
2011-06-17 14:32:44,585 INFO  [jeeves.engine] -    Adding service : metadata.show
2011-06-17 14:32:44,589 INFO  [jeeves.engine] -    Adding service : metadata.show.embedded
2011-06-17 14:32:44,589 INFO  [jeeves.engine] -    Adding service : metadata.edit
2011-06-17 14:32:44,590 INFO  [jeeves.engine] -    Adding service : metadata.elem.add
2011-06-17 14:32:44,591 INFO  [jeeves.engine] -    Adding service : metadata.elem.delete
2011-06-17 14:32:44,593 INFO  [jeeves.engine] -    Adding service : metadata.update
2011-06-17 14:32:44,593 INFO  [jeeves.engine] -    Adding service : metadata.update.finish
2011-06-17 14:32:44,593 INFO  [jeeves.engine] -    Adding service : metadata.update.forget
2011-06-17 14:32:44,593 INFO  [jeeves.engine] -    Adding service : metadata.update.forgetandfinish
2011-06-17 14:32:44,593 INFO  [jeeves.engine] -    Adding service : metadata.validate
2011-06-17 14:32:44,594 INFO  [jeeves.engine] -    Adding service : metadata.relation
2011-06-17 14:32:44,594 INFO  [jeeves.engine] -    Adding service : metadata.elem.down
2011-06-17 14:32:44,595 INFO  [jeeves.engine] -    Adding service : metadata.elem.up
2011-06-17 14:32:44,595 INFO  [jeeves.engine] -    Adding service : metadata.attr.add
2011-06-17 14:32:44,596 INFO  [jeeves.engine] -    Adding service : metadata.attr.delete
2011-06-17 14:32:44,598 INFO  [jeeves.engine] -    Adding service : metadata.delete
2011-06-17 14:32:44,598 INFO  [jeeves.engine] -    Adding service : metadata.quiet.delete
2011-06-17 14:32:44,598 INFO  [jeeves.engine] -    Adding service : metadata.recent.additions.embedded
2011-06-17 14:32:44,599 INFO  [jeeves.engine] -    Adding service : metadata.massive.delete
2011-06-17 14:32:44,601 INFO  [jeeves.engine] -    Adding service : metadata.massive.newowner
2011-06-17 14:32:44,601 INFO  [jeeves.engine] -    Adding service : metadata.massive.newowner.form
2011-06-17 14:32:44,601 INFO  [jeeves.engine] -    Adding service : metadata.massive.category.form
2011-06-17 14:32:44,602 INFO  [jeeves.engine] -    Adding service : metadata.massive.update.categories
2011-06-17 14:32:44,604 INFO  [jeeves.engine] -    Adding service : metadata.massive.admin.form
2011-06-17 14:32:44,605 INFO  [jeeves.engine] -    Adding service : metadata.massive.update.privileges
2011-06-17 14:32:44,606 INFO  [jeeves.engine] -    Adding service : metadata.massive.children.form
2011-06-17 14:32:44,606 INFO  [jeeves.engine] -    Adding service : metadata.massive.update.children
2011-06-17 14:32:44,607 INFO  [jeeves.engine] -    Adding service : metadata.massive.processing
2011-06-17 14:32:44,609 INFO  [jeeves.engine] -    Adding service : metadata.processing
2011-06-17 14:32:44,611 INFO  [jeeves.engine] -    Adding service : xml.metadata.processing
2011-06-17 14:32:44,612 INFO  [jeeves.engine] -    Adding service : metadata.select
2011-06-17 14:32:44,613 INFO  [jeeves.engine] -    Adding service : metadata.create.form
2011-06-17 14:32:44,615 INFO  [jeeves.engine] -    Adding service : metadata.duplicate.form
2011-06-17 14:32:44,615 INFO  [jeeves.engine] -    Adding service : metadata.create
2011-06-17 14:32:44,616 INFO  [jeeves.engine] -    Adding service : metadata.admin.index.rebuild
2011-06-17 14:32:44,618 INFO  [jeeves.engine] -    Adding service : metadata.admin.index.rebuildxlinks
2011-06-17 14:32:44,619 INFO  [jeeves.engine] -    Adding service : metadata.admin.index.optimize
2011-06-17 14:32:44,621 INFO  [jeeves.engine] -    Adding service : metadata.admin.form
2011-06-17 14:32:44,621 INFO  [jeeves.engine] -    Adding service : metadata.massive.admin.form
2011-06-17 14:32:44,621 INFO  [jeeves.engine] -    Adding service : metadata.admin
2011-06-17 14:32:44,622 INFO  [jeeves.engine] -    Adding service : metadata.category.form
2011-06-17 14:32:44,623 INFO  [jeeves.engine] -    Adding service : metadata.category
2011-06-17 14:32:44,625 INFO  [jeeves.engine] -    Adding service : metadata.xmlinsert.form
2011-06-17 14:32:44,628 INFO  [jeeves.engine] -    Adding service : metadata.batchimport.form
2011-06-17 14:32:44,630 INFO  [jeeves.engine] -    Adding service : metadata.searchunused.form
2011-06-17 14:32:44,630 INFO  [jeeves.engine] -    Adding service : metadata.searchunused
2011-06-17 14:32:44,633 INFO  [jeeves.engine] -    Adding service : metadata.thumbnail.form
2011-06-17 14:32:44,636 INFO  [jeeves.engine] -    Adding service : metadata.thumbnail.set
2011-06-17 14:32:44,641 INFO  [jeeves.engine] -    Adding service : metadata.thumbnail.unset
2011-06-17 14:32:44,644 INFO  [jeeves.engine] -    Adding service : transfer.ownership
2011-06-17 14:32:44,644 INFO  [jeeves.engine] -    Adding service : xml.ownership.editors
2011-06-17 14:32:44,648 INFO  [jeeves.engine] -    Adding service : xml.ownership.groups
2011-06-17 14:32:44,649 INFO  [jeeves.engine] -    Adding service : xml.ownership.transfer
2011-06-17 14:32:44,651 INFO  [jeeves.engine] -    Adding service : xml.metadata.rate
2011-06-17 14:32:44,655 INFO  [jeeves.engine] -    Adding service : metadata.templates.list
2011-06-17 14:32:44,656 INFO  [jeeves.engine] -    Adding service : metadata.templates.displayorder.save
2011-06-17 14:32:44,659 INFO  [jeeves.engine] -    Adding service : metadata.templates.add.default
2011-06-17 14:32:44,662 INFO  [jeeves.engine] -    Adding service : metadata.samples.add
2011-06-17 14:32:44,691 INFO  [jeeves.engine] -    Adding service : metadata.latest.updated
2011-06-17 14:32:44,691 INFO  [jeeves.engine] -    Adding service : xml.user.metadata
2011-06-17 14:32:44,693 INFO  [jeeves.engine] - Loading : /home/vagrant/tomcat/webapps/geonetwork/WEB-INF/config-harvesting.xml
2011-06-17 14:32:44,697 INFO  [jeeves.engine] - Initializing services...
2011-06-17 14:32:44,697 INFO  [jeeves.engine] -    Adding service : harvesting
2011-06-17 14:32:44,697 INFO  [jeeves.engine] -    Adding service : xml.harvesting.get
2011-06-17 14:32:44,698 INFO  [jeeves.engine] -    Adding service : xml.harvesting.add
2011-06-17 14:32:44,699 INFO  [jeeves.engine] -    Adding service : xml.harvesting.update
2011-06-17 14:32:44,700 INFO  [jeeves.engine] -    Adding service : xml.harvesting.remove
2011-06-17 14:32:44,703 INFO  [jeeves.engine] -    Adding service : xml.harvesting.start
2011-06-17 14:32:44,704 INFO  [jeeves.engine] -    Adding service : xml.harvesting.stop
2011-06-17 14:32:44,705 INFO  [jeeves.engine] -    Adding service : xml.harvesting.run
2011-06-17 14:32:44,706 INFO  [jeeves.engine] -    Adding service : xml.harvesting.info
2011-06-17 14:32:44,714 INFO  [jeeves.engine] - Loading : /home/vagrant/tomcat/webapps/geonetwork/WEB-INF/config-portal.xml
2011-06-17 14:32:44,718 INFO  [jeeves.engine] - Initializing services...
2011-06-17 14:32:44,718 INFO  [jeeves.engine] -    Adding service : portal.search
2011-06-17 14:32:44,718 INFO  [jeeves.engine] -    Adding service : portal.opensearch
2011-06-17 14:32:44,718 INFO  [jeeves.engine] -    Adding service : portal.search.keywords
2011-06-17 14:32:44,718 INFO  [jeeves.engine] -    Adding service : portal.present
2011-06-17 14:32:44,718 INFO  [jeeves.engine] -    Adding service : portal.search.present
2011-06-17 14:32:44,719 INFO  [jeeves.engine] -    Adding service : portal.get
2011-06-17 14:32:44,720 INFO  [jeeves.engine] -    Adding service : portal.full
2011-06-17 14:32:44,720 INFO  [jeeves.engine] -    Adding service : portal.latest.updated
2011-06-17 14:32:44,720 INFO  [jeeves.engine] -    Adding service : portal.featured
2011-06-17 14:32:44,720 INFO  [jeeves.engine] -    Adding service : portal.categories
2011-06-17 14:32:44,720 INFO  [jeeves.engine] -    Adding service : portal.sources
2011-06-17 14:32:44,720 INFO  [jeeves.engine] -    Adding service : pdf.search
2011-06-17 14:32:44,720 INFO  [jeeves.engine] -    Adding service : pdf.selection.search
2011-06-17 14:32:44,720 INFO  [jeeves.engine] -    Adding service : pdf.present
2011-06-17 14:32:44,720 INFO  [jeeves.engine] -    Adding service : portal.sitemap
2011-06-17 14:32:44,722 INFO  [jeeves.engine] - Loading : /home/vagrant/tomcat/webapps/geonetwork/WEB-INF/config-export.xml
2011-06-17 14:32:44,723 INFO  [jeeves.engine] - Initializing services...
2011-06-17 14:32:44,723 INFO  [jeeves.engine] -    Adding service : dc.xml
2011-06-17 14:32:44,724 INFO  [jeeves.engine] -    Adding service : fgdc.xml
2011-06-17 14:32:44,724 INFO  [jeeves.engine] -    Adding service : iso19115to19139.xml
2011-06-17 14:32:44,724 INFO  [jeeves.engine] -    Adding service : iso19139.xml
2011-06-17 14:32:44,724 INFO  [jeeves.engine] -    Adding service : iso_arccatalog8.xml
2011-06-17 14:32:44,724 INFO  [jeeves.engine] - Loading : /home/vagrant/tomcat/webapps/geonetwork/WEB-INF/config-test.xml
2011-06-17 14:32:44,728 INFO  [jeeves.engine] - Initializing services...
2011-06-17 14:32:44,728 INFO  [jeeves.engine] -    Adding service : test.i18n
2011-06-17 14:32:44,729 INFO  [jeeves.engine] -    Adding service : test.i18n.xml
2011-06-17 14:32:44,729 INFO  [jeeves.engine] -    Adding service : test.csw
2011-06-17 14:32:44,729 INFO  [jeeves.engine] - Loading : /home/vagrant/tomcat/webapps/geonetwork/WEB-INF/config-csw.xml
2011-06-17 14:32:44,736 INFO  [jeeves.engine] - Loading : /home/vagrant/tomcat/webapps/geonetwork/WEB-INF/config-sru.xml
2011-06-17 14:32:44,736 INFO  [jeeves.engine] - Initializing services...
2011-06-17 14:32:44,737 INFO  [jeeves.engine] -    Adding service : portal.sru
2011-06-17 14:32:44,776 DEBUG [geonetwork.sru] - SRUsearch::init
2011-06-17 14:32:44,776 INFO  [jeeves.engine] - Initializing profiles...
2011-06-17 14:32:44,802 INFO  [jeeves.engine] - Found handler : org.fao.geonet.Geonetwork
2011-06-17 14:32:44,868 INFO  [jeeves.engine] - --- Starting handler --------------------------------------
2011-06-17 14:32:44,877 INFO  [jeeves.apphand] - Initializing GeoNetwork 2.6.3.0 ...
2011-06-17 14:32:45,084 INFO  [jeeves.apphand] -   - Database connection on jdbc:mckoi://localhost:9157/ ...
2011-06-17 14:32:45,114 INFO  [jeeves.apphand] -       Found an existing GeoNetwork database.
2011-06-17 14:32:45,114 INFO  [jeeves.apphand] -   - Setting manager...
2011-06-17 14:32:45,172 INFO  [jeeves.apphand] -   - Migration ...
2011-06-17 14:32:45,173 DEBUG [jeeves.apphand] -       Webapp   version:2.6.3 subversion:0
2011-06-17 14:32:45,173 DEBUG [jeeves.apphand] -       Database version:2.6.2 subversion:0
2011-06-17 14:32:45,173 INFO  [jeeves.apphand] -       Migrating from 2.6.2 to 2.6.3 (dbtype:mckoi)...
2011-06-17 14:32:45,176 INFO  [jeeves.apphand] -       No migration task found between webapp and database version.
      The system may be unstable or may failed to start if you try to run 
      the current GeoNetwork 2.6.3 with an older database (ie. 2.6.2
      ). Try to run the migration task manually on the current database
      before starting the application or start with a new empty database.
      Sample SQL scripts for migration could be found in WEB-INF/sql/migrate folder.

2011-06-17 14:32:45,176 INFO  [jeeves.apphand] -   - Thesaurus...
2011-06-17 14:32:45,776 INFO  [jeeves.apphand] -   - Z39.50...
2011-06-17 14:32:45,802 INFO  [jeeves.apphand] -      Repositories file built from template.
2011-06-17 14:32:47,115 DEBUG [org.jzkit.search.util.RecordBuilder.RecordBuilderService] - new RecordBuilderService
2011-06-17 14:32:47,122 DEBUG [org.jzkit.search.util.RecordBuilder.RecordBuilderService] - RecordBuilderService::init
2011-06-17 14:32:47,491 DEBUG [org.jzkit.z3950.server.Z3950Listener] - new Z3950Listener()
2011-06-17 14:32:47,507 DEBUG [org.jzkit.service.z3950server.JZKitBackend] - New JZKitBackend 17387626
2011-06-17 14:32:47,536 DEBUG [org.jzkit.configuration.provider.xml.InMemoryImpl] - setApplicationContext...
2011-06-17 14:32:47,536 DEBUG [org.jzkit.configuration.provider.xml.InMemoryImpl] - Load config: /JZKitConfig.xml
2011-06-17 14:32:47,544 DEBUG [org.jzkit.configuration.provider.xml.InMemoryImpl] - Loading rules : jar:file:/home/vagrant/tomcat/webapps/geonetwork/WEB-INF/lib/jzkit-service-3.r260.geonetwork.patch.1.jar!/org/jzkit/configuration/provider/xml/DigesterRules.xml
2011-06-17 14:32:47,616 DEBUG [org.jzkit.configuration.provider.xml.InMemoryImpl] - Parsing config
2011-06-17 14:32:47,616 DEBUG [org.jzkit.configuration.provider.xml.InMemoryImpl] - registerClasspathProfile : profiles/geo.xml (ctx=org.springframework.context.support.ClassPathXmlApplicationContext@1ac8e09: display name [org.springframework.context.support.ClassPathXmlApplicationContext@1ac8e09]; startup date [Fri Jun 17 14:32:45 EDT 2011]; root of context hierarchy)
2011-06-17 14:32:47,616 DEBUG [org.jzkit.configuration.provider.xml.InMemoryImpl] - processing config file:/home/vagrant/tomcat/webapps/geonetwork/WEB-INF/classes/profiles/geo.xml
2011-06-17 14:32:47,697 DEBUG [org.jzkit.configuration.provider.xml.InMemoryImpl] - Register profile : org.jzkit.search.util.Profile.ProfileDBO@8b915d
2011-06-17 14:32:47,697 DEBUG [org.jzkit.configuration.provider.xml.InMemoryImpl] - registerClasspathQueryCrosswalk : crosswalks/QueryModel/gils.xml
2011-06-17 14:32:47,698 DEBUG [org.jzkit.configuration.provider.xml.InMemoryImpl] - processing crosswalk file:/home/vagrant/tomcat/webapps/geonetwork/WEB-INF/classes/crosswalks/QueryModel/gils.xml
2011-06-17 14:32:47,722 DEBUG [org.jzkit.configuration.provider.xml.InMemoryImpl] - registerClasspathQueryCrosswalk : crosswalks/QueryModel/dc.xml
2011-06-17 14:32:47,722 DEBUG [org.jzkit.configuration.provider.xml.InMemoryImpl] - processing crosswalk file:/home/vagrant/tomcat/webapps/geonetwork/WEB-INF/classes/crosswalks/QueryModel/dc.xml
2011-06-17 14:32:47,725 DEBUG [org.jzkit.configuration.provider.xml.InMemoryImpl] - registerClasspathQueryCrosswalk : crosswalks/QueryModel/rec.xml
2011-06-17 14:32:47,725 DEBUG [org.jzkit.configuration.provider.xml.InMemoryImpl] - processing crosswalk file:/home/vagrant/tomcat/webapps/geonetwork/WEB-INF/classes/crosswalks/QueryModel/rec.xml
2011-06-17 14:32:47,726 DEBUG [org.jzkit.configuration.provider.xml.InMemoryImpl] - registerClasspathQueryCrosswalk : crosswalks/QueryModel/geo.xml
2011-06-17 14:32:47,727 DEBUG [org.jzkit.configuration.provider.xml.InMemoryImpl] - processing crosswalk file:/home/vagrant/tomcat/webapps/geonetwork/WEB-INF/classes/crosswalks/QueryModel/geo.xml
2011-06-17 14:32:47,740 DEBUG [org.jzkit.configuration.provider.xml.InMemoryImpl] - registerClasspathQueryCrosswalk : crosswalks/QueryModel/cql.xml
2011-06-17 14:32:47,741 DEBUG [org.jzkit.configuration.provider.xml.InMemoryImpl] - processing crosswalk file:/home/vagrant/tomcat/webapps/geonetwork/WEB-INF/classes/crosswalks/QueryModel/cql.xml
2011-06-17 14:32:47,746 DEBUG [org.jzkit.configuration.provider.xml.InMemoryImpl] - Calling register with xslt org.fao.geonet.services.util.z3950.transformers.GNTransformer
2011-06-17 14:32:47,747 DEBUG [org.jzkit.configuration.provider.xml.InMemoryImpl] - Calling register with xml::f -> html::f (xslt) = crosswalks/RecordModel/xml_to_html.xsl
2011-06-17 14:32:47,763 DEBUG [org.jzkit.ServiceDirectory.SearchServiceDescriptionDBO] - add collection geonetwork
2011-06-17 14:32:47,763 DEBUG [org.jzkit.ServiceDirectory.SearchServiceDescriptionDBO] - add collection applications
2011-06-17 14:32:47,763 DEBUG [org.jzkit.configuration.provider.xml.InMemoryImpl] - Registering any collections from service GN
2011-06-17 14:32:47,763 DEBUG [org.jzkit.configuration.provider.xml.InMemoryImpl] -  - applications
2011-06-17 14:32:47,763 DEBUG [org.jzkit.configuration.provider.xml.InMemoryImpl] -  - geonetwork
2011-06-17 14:32:47,763 DEBUG [org.jzkit.ServiceDirectory.SearchServiceDescriptionDBO] - add collection 150.229.226.17:6668/marlin
2011-06-17 14:32:47,763 DEBUG [org.jzkit.configuration.provider.xml.InMemoryImpl] - Registering any collections from service CSIROMAR
2011-06-17 14:32:47,763 DEBUG [org.jzkit.configuration.provider.xml.InMemoryImpl] -  - 150.229.226.17:6668/marlin
2011-06-17 14:32:47,764 DEBUG [org.jzkit.ServiceDirectory.SearchServiceDescriptionDBO] - add collection 203.3.195.251:6668/nrdd
2011-06-17 14:32:47,764 DEBUG [org.jzkit.configuration.provider.xml.InMemoryImpl] - Registering any collections from service NSWRDD
2011-06-17 14:32:47,764 DEBUG [org.jzkit.configuration.provider.xml.InMemoryImpl] -  - 203.3.195.251:6668/nrdd
2011-06-17 14:32:47,765 DEBUG [org.jzkit.ServiceDirectory.SearchServiceDescriptionDBO] - add collection 147.109.254.5:5550/tas
2011-06-17 14:32:47,766 DEBUG [org.jzkit.configuration.provider.xml.InMemoryImpl] - Registering any collections from service TSDD
2011-06-17 14:32:47,766 DEBUG [org.jzkit.configuration.provider.xml.InMemoryImpl] -  - 147.109.254.5:5550/tas
2011-06-17 14:32:47,766 DEBUG [org.jzkit.ServiceDirectory.SearchServiceDescriptionDBO] - add collection data.aims.gov.au:5525/geonetwork
2011-06-17 14:32:47,766 DEBUG [org.jzkit.configuration.provider.xml.InMemoryImpl] - Registering any collections from service AIMS
2011-06-17 14:32:47,767 DEBUG [org.jzkit.configuration.provider.xml.InMemoryImpl] -  - data.aims.gov.au:5525/geonetwork
2011-06-17 14:32:47,767 DEBUG [org.jzkit.ServiceDirectory.SearchServiceDescriptionDBO] - add collection 66.160.183.131:5511/act
2011-06-17 14:32:47,767 DEBUG [org.jzkit.configuration.provider.xml.InMemoryImpl] - Registering any collections from service ACT
2011-06-17 14:32:47,768 DEBUG [org.jzkit.configuration.provider.xml.InMemoryImpl] -  - 66.160.183.131:5511/act
2011-06-17 14:32:47,768 DEBUG [org.jzkit.ServiceDirectory.SearchServiceDescriptionDBO] - add collection 203.49.66.2:5550/product
2011-06-17 14:32:47,769 DEBUG [org.jzkit.configuration.provider.xml.InMemoryImpl] - Registering any collections from service AHS
2011-06-17 14:32:47,769 DEBUG [org.jzkit.configuration.provider.xml.InMemoryImpl] -  - 203.49.66.2:5550/product
2011-06-17 14:32:47,776 DEBUG [org.jzkit.ServiceDirectory.SearchServiceDescriptionDBO] - add collection 152.91.17.20:210/anrdl
2011-06-17 14:32:47,776 DEBUG [org.jzkit.configuration.provider.xml.InMemoryImpl] - Registering any collections from service BRS
2011-06-17 14:32:47,776 DEBUG [org.jzkit.configuration.provider.xml.InMemoryImpl] -  - 152.91.17.20:210/anrdl
2011-06-17 14:32:47,776 DEBUG [org.jzkit.ServiceDirectory.SearchServiceDescriptionDBO] - add collection 134.178.63.133:6668/bom_meta
2011-06-17 14:32:47,776 DEBUG [org.jzkit.configuration.provider.xml.InMemoryImpl] - Registering any collections from service BOM
2011-06-17 14:32:47,776 DEBUG [org.jzkit.configuration.provider.xml.InMemoryImpl] -  - 134.178.63.133:6668/bom_meta
2011-06-17 14:32:47,776 DEBUG [org.jzkit.ServiceDirectory.SearchServiceDescriptionDBO] - add collection 155.187.2.2:6668/edd
2011-06-17 14:32:47,776 DEBUG [org.jzkit.configuration.provider.xml.InMemoryImpl] - Registering any collections from service DIG
2011-06-17 14:32:47,776 DEBUG [org.jzkit.configuration.provider.xml.InMemoryImpl] -  - 155.187.2.2:6668/edd
2011-06-17 14:32:47,777 DEBUG [org.jzkit.ServiceDirectory.SearchServiceDescriptionDBO] - add collection 192.104.44.110:6668/ga
2011-06-17 14:32:47,777 DEBUG [org.jzkit.configuration.provider.xml.InMemoryImpl] - Registering any collections from service GA
2011-06-17 14:32:47,777 DEBUG [org.jzkit.configuration.provider.xml.InMemoryImpl] -  - 192.104.44.110:6668/ga
2011-06-17 14:32:47,778 DEBUG [org.jzkit.ServiceDirectory.SearchServiceDescriptionDBO] - add collection 66.160.183.131:6668/dataset
2011-06-17 14:32:47,778 DEBUG [org.jzkit.configuration.provider.xml.InMemoryImpl] - Registering any collections from service IndexGeo
2011-06-17 14:32:47,778 DEBUG [org.jzkit.configuration.provider.xml.InMemoryImpl] -  - 66.160.183.131:6668/dataset
2011-06-17 14:32:47,779 DEBUG [org.jzkit.ServiceDirectory.SearchServiceDescriptionDBO] - add collection 202.55.146.171:5548/mdbcprod
2011-06-17 14:32:47,779 DEBUG [org.jzkit.configuration.provider.xml.InMemoryImpl] - Registering any collections from service MDBC
2011-06-17 14:32:47,779 DEBUG [org.jzkit.configuration.provider.xml.InMemoryImpl] -  - 202.55.146.171:5548/mdbcprod
2011-06-17 14:32:47,780 DEBUG [org.jzkit.ServiceDirectory.SearchServiceDescriptionDBO] - add collection 150.229.226.17:6668/neptune
2011-06-17 14:32:47,780 DEBUG [org.jzkit.configuration.provider.xml.InMemoryImpl] - Registering any collections from service NOO
2011-06-17 14:32:47,780 DEBUG [org.jzkit.configuration.provider.xml.InMemoryImpl] -  - 150.229.226.17:6668/neptune
2011-06-17 14:32:47,781 DEBUG [org.jzkit.ServiceDirectory.SearchServiceDescriptionDBO] - add collection 150.191.80.24:210/NTSDD
2011-06-17 14:32:47,781 DEBUG [org.jzkit.configuration.provider.xml.InMemoryImpl] - Registering any collections from service NTSDD
2011-06-17 14:32:47,781 DEBUG [org.jzkit.configuration.provider.xml.InMemoryImpl] -  - 150.191.80.24:210/NTSDD
2011-06-17 14:32:47,783 DEBUG [org.jzkit.ServiceDirectory.SearchServiceDescriptionDBO] - add collection 202.161.118.130:210/PSMA
2011-06-17 14:32:47,784 DEBUG [org.jzkit.configuration.provider.xml.InMemoryImpl] - Registering any collections from service PSMA
2011-06-17 14:32:47,784 DEBUG [org.jzkit.configuration.provider.xml.InMemoryImpl] -  - 202.161.118.130:210/PSMA
2011-06-17 14:32:47,784 DEBUG [org.jzkit.ServiceDirectory.SearchServiceDescriptionDBO] - add collection 203.56.118.1:6668/qsiis_prod
2011-06-17 14:32:47,790 DEBUG [org.jzkit.configuration.provider.xml.InMemoryImpl] - Registering any collections from service QSIIS
2011-06-17 14:32:47,790 DEBUG [org.jzkit.configuration.provider.xml.InMemoryImpl] -  - 203.56.118.1:6668/qsiis_prod
2011-06-17 14:32:47,791 DEBUG [org.jzkit.ServiceDirectory.SearchServiceDescriptionDBO] - add collection 203.46.162.95:5550/qsii2
2011-06-17 14:32:47,792 DEBUG [org.jzkit.configuration.provider.xml.InMemoryImpl] - Registering any collections from service QSII2
2011-06-17 14:32:47,792 DEBUG [org.jzkit.configuration.provider.xml.InMemoryImpl] -  - 203.46.162.95:5550/qsii2
2011-06-17 14:32:47,792 DEBUG [org.jzkit.ServiceDirectory.SearchServiceDescriptionDBO] - add collection 59.154.117.67:5550/pages_xml
2011-06-17 14:32:47,793 DEBUG [org.jzkit.configuration.provider.xml.InMemoryImpl] - Registering any collections from service RANDOM
2011-06-17 14:32:47,793 DEBUG [org.jzkit.configuration.provider.xml.InMemoryImpl] -  - 59.154.117.67:5550/pages_xml
2011-06-17 14:32:47,795 DEBUG [org.jzkit.ServiceDirectory.SearchServiceDescriptionDBO] - add collection 143.216.198.138:6668/sa
2011-06-17 14:32:47,795 DEBUG [org.jzkit.configuration.provider.xml.InMemoryImpl] - Registering any collections from service SASID
2011-06-17 14:32:47,795 DEBUG [org.jzkit.configuration.provider.xml.InMemoryImpl] -  - 143.216.198.138:6668/sa
2011-06-17 14:32:47,797 DEBUG [org.jzkit.ServiceDirectory.SearchServiceDescriptionDBO] - add collection 203.11.140.26:6668/vicsdd
2011-06-17 14:32:47,797 DEBUG [org.jzkit.configuration.provider.xml.InMemoryImpl] - Registering any collections from service VSDD
2011-06-17 14:32:47,797 DEBUG [org.jzkit.configuration.provider.xml.InMemoryImpl] -  - 203.11.140.26:6668/vicsdd
2011-06-17 14:32:47,799 DEBUG [org.jzkit.ServiceDirectory.SearchServiceDescriptionDBO] - add collection 203.11.121.51:6668/airphoto
2011-06-17 14:32:47,799 DEBUG [org.jzkit.ServiceDirectory.SearchServiceDescriptionDBO] - add collection 203.11.121.51:6668/biblio
2011-06-17 14:32:47,799 DEBUG [org.jzkit.ServiceDirectory.SearchServiceDescriptionDBO] - add collection 203.11.121.51:6668/nrm
2011-06-17 14:32:47,799 DEBUG [org.jzkit.ServiceDirectory.SearchServiceDescriptionDBO] - add collection 203.11.121.51:6668/eis
2011-06-17 14:32:47,799 DEBUG [org.jzkit.ServiceDirectory.SearchServiceDescriptionDBO] - add collection 203.11.121.51:6668/agency
2011-06-17 14:32:47,799 DEBUG [org.jzkit.configuration.provider.xml.InMemoryImpl] - Registering any collections from service WI
2011-06-17 14:32:47,799 DEBUG [org.jzkit.configuration.provider.xml.InMemoryImpl] -  - 203.11.121.51:6668/eis
2011-06-17 14:32:47,799 DEBUG [org.jzkit.configuration.provider.xml.InMemoryImpl] -  - 203.11.121.51:6668/agency
2011-06-17 14:32:47,799 DEBUG [org.jzkit.configuration.provider.xml.InMemoryImpl] -  - 203.11.121.51:6668/biblio
2011-06-17 14:32:47,799 DEBUG [org.jzkit.configuration.provider.xml.InMemoryImpl] -  - 203.11.121.51:6668/airphoto
2011-06-17 14:32:47,799 DEBUG [org.jzkit.configuration.provider.xml.InMemoryImpl] -  - 203.11.121.51:6668/nrm
2011-06-17 14:32:47,799 DEBUG [org.jzkit.configuration.provider.xml.InMemoryImpl] - Done Parsing config
2011-06-17 14:32:47,799 DEBUG [org.jzkit.configuration.provider.xml.InMemoryImpl] -  -- initialising
2011-06-17 14:32:47,799 DEBUG [org.jzkit.configuration.provider.xml.InMemoryImpl] -  -- Scanning classpath for jzkit backend plugins
2011-06-17 14:32:47,805 DEBUG [org.jzkit.configuration.provider.xml.InMemoryImpl] - Registered: JZKitZ3950PluginMetadata = org.jzkit.search.provider.z3950.JZKitZ3950PluginMetadata@f1f2cc
2011-06-17 14:32:47,805 DEBUG [org.jzkit.configuration.provider.xml.InMemoryImpl] -  -- Scanning classpath for jzkit query builders
2011-06-17 14:32:47,805 DEBUG [org.jzkit.configuration.provider.xml.InMemoryImpl] - Registered QueryBuilder: QB-CQL = org.jzkit.search.util.QueryBuilder.CQLQueryBuilder@7b6d1c
2011-06-17 14:32:47,814 DEBUG [org.jzkit.search.util.RecordConversion.FragmentTransformerService] - new FragmentTransformerService
2011-06-17 14:32:47,816 DEBUG [org.jzkit.search.util.RecordConversion.FragmentTransformerService] - FragmentTransformerService::init
2011-06-17 14:32:47,816 DEBUG [org.jzkit.search.util.RecordConversion.FragmentTransformerService] - Register Type xslt class=org.fao.geonet.services.util.z3950.transformers.GNTransformer
2011-06-17 14:32:47,820 DEBUG [org.jzkit.search.util.RecordConversion.FragmentTransformerService] - from xml::f to html::f sheet=crosswalks/RecordModel/xml_to_html.xsl type=xslt
2011-06-17 14:32:47,828 DEBUG [org.jzkit.search.impl.StatelessQueryService] - new StatelessQueryService(50,180000)
2011-06-17 14:32:47,836 DEBUG [org.jzkit.search.impl.StatelessQueryService] - init()
2011-06-17 14:32:47,857 DEBUG [org.jzkit.search.util.RecordBuilder.RecordBuilderService] - onApplicationEvent org.springframework.context.event.ContextRefreshedEvent[source=org.springframework.context.support.ClassPathXmlApplicationContext@1ac8e09: display name [org.springframework.context.support.ClassPathXmlApplicationContext@1ac8e09]; startup date [Fri Jun 17 14:32:45 EDT 2011]; root of context hierarchy]
2011-06-17 14:32:47,857 INFO  [jeeves.apphand] -      Server is Enabled.
2011-06-17 14:32:47,859 INFO  [jeeves.apphand] -   - Search...
2011-06-17 14:32:47,859 INFO  [jeeves.apphand] - Using shapefile /home/vagrant/tomcat/webapps/geonetwork/WEB-INF/lucene/spatial/spatialindex.shp
2011-06-17 14:32:47,869 DEBUG [org.jzkit.z3950.server.Z3950Listener] - Starting ZServer on port 2100 (timeout=300000)
2011-06-17 14:32:47,871 DEBUG [org.jzkit.z3950.server.Z3950Listener] - Waiting for connection
2011-06-17 14:32:49,178 INFO  [jeeves.apphand] - NOTE: Using shapefile for spatial index, this can be slow for larger catalogs
2011-06-17 14:32:49,901 INFO  [jeeves.apphand] -   - Access manager...
2011-06-17 14:32:49,917 INFO  [jeeves.apphand] -   - Data manager...
2011-06-17 14:32:50,040 INFO  [jeeves.apphand] -     Adding xml schema : iso19139
2011-06-17 14:32:50,841 INFO  [jeeves.apphand] -     Adding xml schema : iso19115
2011-06-17 14:32:50,882 INFO  [jeeves.apphand] -     Adding xml schema : iso19110
2011-06-17 14:32:51,118 INFO  [jeeves.apphand] -     Adding xml schema : fgdc-std
2011-06-17 14:32:51,151 INFO  [jeeves.apphand] -     Adding xml schema : csw-record
2011-06-17 14:32:51,176 INFO  [jeeves.apphand] -     Adding xml schema : dublin-core
2011-06-17 14:32:51,195 INFO  [jeeves.apphand] -   - Harvest manager...
2011-06-17 14:32:51,306 INFO  [jeeves.apphand] -   - Catalogue services for the web...
2011-06-17 14:32:51,342 INFO  [jeeves.apphand] -   - Open Archive Initiative (OAI-PMH) server: mode1 cachesize: 60 cachelifetime: 3600
2011-06-17 14:32:51,370 INFO  [jeeves.apphand] -   - Metadata notifier ...
2011-06-17 14:32:51,371 INFO  [jeeves.apphand] - Site ID is : bccecd95-b5be-4000-a426-271ff9b5e5b4
2011-06-17 14:32:51,421 INFO  [jeeves.engine] - --- Handler started ---------------------------------------
2011-06-17 14:32:51,421 INFO  [jeeves.engine] - Starting schedule manager...
2011-06-17 14:32:51,421 INFO  [jeeves.engine] - Memory used is  : 24313 Kb
2011-06-17 14:32:51,421 INFO  [jeeves.engine] - Total memory is : 506816 Kb
2011-06-17 14:32:51,421 INFO  [jeeves.engine] - Startup time is : 10 (secs)
2011-06-17 14:32:51,421 INFO  [jeeves.engine] - === System working =========================================
